<?xml version="1.0" encoding="UTF-8"?>
<!-- Generated by org.testng.reporters.JUnitReportReporter -->
<testsuite hostname="ecorregidor.local" failures="0" tests="1" name="com.automation.training.AppTest" time="0.002" errors="0" timestamp="21 Sep 2020 01:34:54 GMT">
  <testcase classname="com.automation.training.AppTest" name="testApp" time="0.002"/>
</testsuite> <!-- com.automation.training.AppTest -->
