<?xml version="1.0" encoding="UTF-8"?>
<!-- Generated by org.testng.reporters.JUnitReportReporter -->
<testsuite hostname="ecorregidor.local" failures="0" tests="1" name="com.automation.training.tests.WikiTests" time="4.306" errors="0" timestamp="20 Sep 2020 19:32:32 GMT">
  <testcase classname="com.automation.training.tests.WikiTests" name="testWikiSearch" time="4.306"/>
</testsuite> <!-- com.automation.training.tests.WikiTests -->
